<?xml version="1.0" encoding="UTF-8"?>
<testsuite xmlns:xsi="http://www.w3.org/2001/XMLSchema-instance" xsi:noNamespaceSchemaLocation="https://maven.apache.org/surefire/maven-surefire-plugin/xsd/surefire-test-report-3.0.xsd" version="3.0" name="com.cjy.chathubbackend.ChatHubBackendApplicationTests" time="0.008" tests="1" errors="0" skipped="0" failures="0">
  <properties>
[...]
</properties>
  <testcase name="contextLoads" classname="com.cjy.chathubbackend.ChatHubBackendApplicationTests" time="0.002">
    <system-out><![CDATA[2024-05-03T22:17:33.089+08:00  INFO 28315 --- [           main] t.c.s.AnnotationConfigContextLoaderUtils : Could not detect default configuration classes for test class [com.cjy.chathubbackend.ChatHubBackendApplicationTests]: ChatHubBackendApplicationTests does not declare any static, non-private, non-final, nested classes annotated with @Configuration.
2024-05-03T22:17:33.092+08:00  INFO 28315 --- [           main] .b.t.c.SpringBootTestContextBootstrapper : Found @SpringBootConfiguration com.cjy.chathubbackend.ChatHubBackendApplication for test class com.cjy.chathubbackend.ChatHubBackendApplicationTests
]]></system-out>
  </testcase>
</testsuite>